"../../../../../Unreal Projects/Frostwire/Content/AnimStarterPack/UE4_Mannequin/Mesh/UE4_Mannequin_Skeleton.uasset" 0
"../../../../../Unreal Projects/Frostwire/Content/AnimStarterPack/Aim_Space_Hip.uasset" 1
"../../../../../Unreal Projects/Frostwire/Content/AnimStarterPack/Aim_Space_Ironsights.uasset" 2
"../../../../../Unreal Projects/Frostwire/Content/AnimStarterPack/Crouch_to_Stand_Rifle_Hip.uasset" 3
"../../../../../Unreal Projects/Frostwire/Content/AnimStarterPack/Crouch_to_Stand_Rifle_Ironsights.uasset" 4
"../../../../../Unreal Projects/Frostwire/Content/AnimStarterPack/Crouch_Walk_Bwd_Rifle_Ironsights.uasset" 5
"../../../../../Unreal Projects/Frostwire/Content/AnimStarterPack/Crouch_Walk_Lt_Rifle_Ironsights.uasset" 6
"../../../../../Unreal Projects/Frostwire/Content/AnimStarterPack/Crouch_Walk_Rt_Rifle_Ironsights.uasset" 7
"../../../../../Unreal Projects/Frostwire/Content/AnimStarterPack/Death_1.uasset" 8
"../../../../../Unreal Projects/Frostwire/Content/AnimStarterPack/Death_2.uasset" 9
"../../../../../Unreal Projects/Frostwire/Content/AnimStarterPack/Death_3.uasset" 10
"../../../../../Unreal Projects/Frostwire/Content/AnimStarterPack/Death_Ironsights_1.uasset" 11
"../../../../../Unreal Projects/Frostwire/Content/AnimStarterPack/Death_Ironsights_2.uasset" 12
"../../../../../Unreal Projects/Frostwire/Content/AnimStarterPack/Equip_Rifle_Standing.uasset" 13
"../../../../../Unreal Projects/Frostwire/Content/AnimStarterPack/Fire_Rifle_Hip.uasset" 14
"../../../../../Unreal Projects/Frostwire/Content/AnimStarterPack/Fire_Shotgun_Hip.uasset" 15
"../../../../../Unreal Projects/Frostwire/Content/AnimStarterPack/Fire_Shotgun_Ironsights.uasset" 16
"../../../../../Unreal Projects/Frostwire/Content/AnimStarterPack/Hit_React_4.uasset" 17
"../../../../../Unreal Projects/Frostwire/Content/AnimStarterPack/Idle_Pistol.uasset" 18
"../../../../../Unreal Projects/Frostwire/Content/AnimStarterPack/Idle_Rifle_Ironsights.uasset" 19
"../../../../../Unreal Projects/Frostwire/Content/AnimStarterPack/Jump_From_Stand_Ironsights.uasset" 20
"../../../../../Unreal Projects/Frostwire/Content/AnimStarterPack/Prone_Death_1.uasset" 21
"../../../../../Unreal Projects/Frostwire/Content/AnimStarterPack/Prone_Death_2.uasset" 22
"../../../../../Unreal Projects/Frostwire/Content/AnimStarterPack/Prone_Fire_1.uasset" 23
"../../../../../Unreal Projects/Frostwire/Content/AnimStarterPack/Prone_Fire_2.uasset" 24
"../../../../../Unreal Projects/Frostwire/Content/AnimStarterPack/Prone_Idle.uasset" 25
"../../../../../Unreal Projects/Frostwire/Content/AnimStarterPack/Prone_Reload_Rifle.uasset" 26
"../../../../../Unreal Projects/Frostwire/Content/AnimStarterPack/Prone_Reload_Shotgun.uasset" 27
"../../../../../Unreal Projects/Frostwire/Content/AnimStarterPack/Prone_To_Stand.uasset" 28
"../../../../../Unreal Projects/Frostwire/Content/AnimStarterPack/Reload_Pistol.uasset" 29
"../../../../../Unreal Projects/Frostwire/Content/AnimStarterPack/Reload_Rifle_Ironsights.uasset" 30
"../../../../../Unreal Projects/Frostwire/Content/AnimStarterPack/Reload_Shotgun_Hip.uasset" 31
"../../../../../Unreal Projects/Frostwire/Content/AnimStarterPack/Reload_Shotgun_Ironsights.uasset" 32
"../../../../../Unreal Projects/Frostwire/Content/AnimStarterPack/Sprint_Fwd_Rifle.uasset" 33
"../../../../../Unreal Projects/Frostwire/Content/AnimStarterPack/Stand_to_Crouch_Rifle_Hip.uasset" 34
"../../../../../Unreal Projects/Frostwire/Content/AnimStarterPack/Stand_to_Crouch_Rifle_Ironsights.uasset" 35
"../../../../../Unreal Projects/Frostwire/Content/AnimStarterPack/Stand_To_Prone.uasset" 36
"../../../../../Unreal Projects/Frostwire/Content/AnimStarterPack/Walk_Bwd_Rifle_Ironsights.uasset" 37
"../../../../../Unreal Projects/Frostwire/Content/AnimStarterPack/Walk_Lt_Rifle_Ironsights.uasset" 38
"../../../../../Unreal Projects/Frostwire/Content/AnimStarterPack/Walk_Rt_Rifle_Ironsights.uasset" 39
"../../../../../Unreal Projects/Frostwire/Content/Audio/Item_Attenuation.uasset" 40
"../../../../../Unreal Projects/Frostwire/Content/Audio/AmmoPickup.uasset" 41
"../../../../../Unreal Projects/Frostwire/Content/Audio/prj_armor_break_00.uasset" 42
"../../../../../Unreal Projects/Frostwire/Content/FirstPerson/Character/Mesh/SK_Mannequin_Arms_Skeleton.uasset" 43
"../../../../../Unreal Projects/Frostwire/Content/FirstPerson/Animations/FirstPerson_Fire.uasset" 44
"../../../../../Unreal Projects/Frostwire/Content/FirstPerson/Animations/FirstPersonFire_Montage.uasset" 45
"../../../../../Unreal Projects/Frostwire/Content/FirstPerson/Audio/FirstPersonTemplateWeaponFire02.uasset" 46
"../../../../../Unreal Projects/Frostwire/Content/FirstPerson/Animations/FirstPerson_Idle.uasset" 47
"../../../../../Unreal Projects/Frostwire/Content/FirstPerson/Animations/FirstPerson_JumpEnd.uasset" 48
"../../../../../Unreal Projects/Frostwire/Content/FirstPerson/Animations/FirstPerson_JumpLoop.uasset" 49
"../../../../../Unreal Projects/Frostwire/Content/FirstPerson/Animations/FirstPerson_JumpStart.uasset" 50
"../../../../../Unreal Projects/Frostwire/Content/FirstPerson/Animations/FirstPerson_Run.uasset" 51
"../../../Engine/Content/EditorBlueprintResources/StandardMacros.uasset" 52
"../../../../../Unreal Projects/Frostwire/Content/FirstPerson/Animations/FirstPerson_AnimBP.uasset" 53
"../../../../../Unreal Projects/Frostwire/Content/FirstPerson/Character/Mesh/FirstPersonAnimBlueprint_Copy.uasset" 54
"../../../Engine/Content/Functions/Engine_MaterialFunctions02/Utility/BlendAngleCorrectedNormals.uasset" 55
"../../../Engine/Content/Functions/MaterialLayerFunctions/MatLayerBlend_NormalBlend.uasset" 56
"../../../Engine/Content/Functions/MaterialLayerFunctions/MatLayerBlend_Simple.uasset" 57
"../../../../../Unreal Projects/Frostwire/Content/FirstPerson/Character/Materials/MaterialLayers/T_ML_Rubber_Blue_01_D.uasset" 58
"../../../../../Unreal Projects/Frostwire/Content/FirstPerson/Character/Materials/MaterialLayers/T_ML_Rubber_Blue_01_N.uasset" 59
"../../../../../Unreal Projects/Frostwire/Content/FirstPerson/Character/Materials/MaterialLayers/ML_GlossyBlack_Latex_UE4.uasset" 60
"../../../../../Unreal Projects/Frostwire/Content/FirstPerson/Character/Materials/MaterialLayers/ML_Plastic_Shiny_Beige.uasset" 61
"../../../../../Unreal Projects/Frostwire/Content/FirstPerson/Character/Textures/UE4_LOGO_CARD.uasset" 62
"../../../../../Unreal Projects/Frostwire/Content/FirstPerson/Character/Materials/MaterialLayers/ML_Plastic_Shiny_Beige_LOGO.uasset" 63
"../../../../../Unreal Projects/Frostwire/Content/FirstPerson/Character/Materials/MaterialLayers/T_ML_Aluminum01.uasset" 64
"../../../../../Unreal Projects/Frostwire/Content/FirstPerson/Character/Materials/MaterialLayers/T_ML_Aluminum01_N.uasset" 65
"../../../../../Unreal Projects/Frostwire/Content/FirstPerson/Character/Materials/MaterialLayers/ML_SoftMetal_UE4.uasset" 66
"../../../../../Unreal Projects/Frostwire/Content/FirstPerson/Character/Textures/UE4_Mannequin__normals.uasset" 67
"../../../../../Unreal Projects/Frostwire/Content/FirstPerson/Character/Textures/UE4_Mannequin_MAT_MASKA.uasset" 68
"../../../../../Unreal Projects/Frostwire/Content/FirstPerson/Character/Materials/M_UE4Man_Body.uasset" 69
"../../../../../Unreal Projects/Frostwire/Content/FirstPerson/Character/Mesh/SK_Mannequin_Arms_PhysicsAsset.uasset" 70
"../../../../../Unreal Projects/Frostwire/Content/FirstPerson/Character/Mesh/SK_Mannequin_Arms.uasset" 71
"../../../../../Unreal Projects/Frostwire/Content/FirstPerson/FPWeapon/Materials/MaterialLayers/ML_Plastic_Shiny_Beige_LOGO.uasset" 72
"../../../../../Unreal Projects/Frostwire/Content/FirstPerson/FPWeapon/Materials/MaterialLayers/T_ML_FineRubber.uasset" 73
"../../../../../Unreal Projects/Frostwire/Content/FirstPerson/FPWeapon/Mesh/SK_FPGun_Skeleton.uasset" 74
"../../../../../Unreal Projects/Frostwire/Content/FirstPerson/FPWeapon/Materials/MaterialLayers/T_ML_Rubber_Blue_01_N.uasset" 75
"../../../../../Unreal Projects/Frostwire/Content/FirstPerson/FPWeapon/Materials/MaterialLayers/T_ML_Rubber_Blue_01_D.uasset" 76
"../../../../../Unreal Projects/Frostwire/Content/FirstPerson/FPWeapon/Materials/MaterialLayers/ML_GlossyBlack_Latex_UE4.uasset" 77
"../../../../../Unreal Projects/Frostwire/Content/FirstPerson/FPWeapon/Materials/MaterialLayers/ML_Plastic_Shiny_Beige.uasset" 78
"../../../../../Unreal Projects/Frostwire/Content/FirstPerson/FPWeapon/Materials/MaterialLayers/ML_Screen.uasset" 79
"../../../../../Unreal Projects/Frostwire/Content/FirstPerson/FPWeapon/Materials/MaterialLayers/T_ML_Aluminum01_N.uasset" 80
"../../../../../Unreal Projects/Frostwire/Content/FirstPerson/FPWeapon/Materials/MaterialLayers/T_ML_Aluminum01.uasset" 81
"../../../../../Unreal Projects/Frostwire/Content/FirstPerson/FPWeapon/Materials/MaterialLayers/ML_SoftMetal_UE4.uasset" 82
"../../../../../Unreal Projects/Frostwire/Content/FirstPerson/FPWeapon/Textures/T_FPGun_M.uasset" 83
"../../../../../Unreal Projects/Frostwire/Content/FirstPerson/FPWeapon/Textures/T_FPGun_N.uasset" 84
"../../../../../Unreal Projects/Frostwire/Content/FirstPerson/FPWeapon/Materials/M_FPGun.uasset" 85
"../../../../../Unreal Projects/Frostwire/Content/FirstPerson/FPWeapon/Mesh/SK_FPGun.uasset" 86
"../../../../../Unreal Projects/Frostwire/Content/FirstPerson/FPWeapon/Mesh/SK_FPGun_PhysicsAsset.uasset" 87
"../../../../../Unreal Projects/Frostwire/Content/FirstPerson/Meshes/BaseMaterial.uasset" 88
"../../../../../Unreal Projects/Frostwire/Content/FirstPerson/Meshes/CubeMaterialOverride.uasset" 89
"../../../../../Unreal Projects/Frostwire/Content/FirstPerson/Meshes/FirstPersonProjectileMaterial.uasset" 90
"../../../../../Unreal Projects/Frostwire/Content/FirstPerson/Meshes/FirstPersonProjectileMesh.uasset" 91
"../../../../../Unreal Projects/Frostwire/Content/FirstPerson/Textures/FirstPersonCrosshair.uasset" 92
"../../../../../Unreal Projects/Frostwire/Content/FirstPersonBP/FirstPersonOverview.uasset" 93
"../../../../../Unreal Projects/Frostwire/Content/Geometry/Meshes/CubeMaterial.uasset" 94
"../../../../../Unreal Projects/Frostwire/Content/Geometry/Meshes/1M_Cube_Chamfer.uasset" 95
"../../../../../Unreal Projects/Frostwire/Content/Geometry/Meshes/TemplateFloor.uasset" 96
"../../../../../Unreal Projects/Frostwire/Content/Textures/Ammoicon.uasset" 97
"../../../../../Unreal Projects/Frostwire/Content/Textures/Damage.uasset" 98
"../../../../../Unreal Projects/Frostwire/Content/Textures/interact.uasset" 99
"../../../../../Unreal Projects/Frostwire/Content/Weapon/Type.uasset" 100
"../../../../../Unreal Projects/Frostwire/Content/Weapon/WeaponMeshs/MMODUSP/untitled_Skeleton.uasset" 101
"../../../Engine/Content/Animation/DefaultAnimCurveCompressionSettings.uasset" 102
"../../../Engine/Content/Animation/DefaultAnimBoneCompressionSettings.uasset" 103
"../../../../../Unreal Projects/Frostwire/Content/Weapon/WeaponMeshs/MMODUSP/untitled_Anim_v_pistol_qc_skeleton_inspect1.uasset" 104
"../../../../../Unreal Projects/Frostwire/Content/Weapon/WeaponMeshs/MMODUSP/Inspect_montage.uasset" 105
"../../../../../Unreal Projects/Frostwire/Content/Weapon/WeaponMeshs/MMODUSP/untitled_Anim_v_pistol_qc_skeleton_draw.uasset" 106
"../../../../../Unreal Projects/Frostwire/Content/Weapon/WeaponMeshs/MMODUSP/untitled_Anim_v_pistol_qc_skeleton_fire1_is.uasset" 107
"../../../../../Unreal Projects/Frostwire/Content/Weapon/WeaponMeshs/MMODUSP/untitled_Anim_v_pistol_qc_skeleton_fire2_is.uasset" 108
"../../../../../Unreal Projects/Frostwire/Content/Weapon/WeaponMeshs/MMODUSP/untitled_Anim_v_pistol_qc_skeleton_fire3_is.uasset" 109
"../../../../../Unreal Projects/Frostwire/Content/Weapon/WeaponMeshs/MMODUSP/untitled_Anim_v_pistol_qc_skeleton_fire_last.uasset" 110
"../../../../../Unreal Projects/Frostwire/Content/Weapon/WeaponMeshs/MMODUSP/untitled_Anim_v_pistol_qc_skeleton_idletolow.uasset" 111
"../../../../../Unreal Projects/Frostwire/Content/Weapon/WeaponMeshs/MMODUSP/untitled_Anim_v_pistol_qc_skeleton_idle_is.uasset" 112
"../../../../../Unreal Projects/Frostwire/Content/Weapon/WeaponMeshs/MMODUSP/untitled_Anim_v_pistol_qc_skeleton_inspect2.uasset" 113
"../../../../../Unreal Projects/Frostwire/Content/Weapon/WeaponMeshs/MMODUSP/untitled_Anim_v_pistol_qc_skeleton_lowidle.uasset" 114
"../../../../../Unreal Projects/Frostwire/Content/Weapon/WeaponMeshs/MMODUSP/untitled_Anim_v_pistol_qc_skeleton_lowtoidle.uasset" 115
"../../../../../Unreal Projects/Frostwire/Content/Weapon/WeaponMeshs/MMODUSP/untitled_Anim_v_pistol_qc_skeleton_shoot_last.uasset" 116
"../../../../../Unreal Projects/Frostwire/Content/Weapon/WeaponMeshs/SMG/SMG_Skeleton.uasset" 117
"../../../../../Unreal Projects/Frostwire/Content/Weapon/WeaponMeshs/SMG/SMG_Anim_v_smg1_qc_skeleton_altfire.uasset" 118
"../../../../../Unreal Projects/Frostwire/Content/Weapon/WeaponMeshs/SMG/SMG_Anim_v_smg1_qc_skeleton_draw.uasset" 119
"../../../../../Unreal Projects/Frostwire/Content/Weapon/WeaponMeshs/SMG/SMG_Anim_v_smg1_qc_skeleton_fire1_is.uasset" 120
"../../../../../Unreal Projects/Frostwire/Content/Weapon/WeaponMeshs/SMG/SMG_Anim_v_smg1_qc_skeleton_fire2_is.uasset" 121
"../../../../../Unreal Projects/Frostwire/Content/Weapon/WeaponMeshs/SMG/SMG_Anim_v_smg1_qc_skeleton_fire3_is.uasset" 122
"../../../../../Unreal Projects/Frostwire/Content/Weapon/WeaponMeshs/SMG/SMG_Anim_v_smg1_qc_skeleton_idle01_is.uasset" 123
"../../../../../Unreal Projects/Frostwire/Content/Weapon/WeaponMeshs/SMG/SMG_Anim_v_smg1_qc_skeleton_idletolow.uasset" 124
"../../../../../Unreal Projects/Frostwire/Content/Weapon/WeaponMeshs/SMG/SMG_Anim_v_smg1_qc_skeleton_inspect.uasset" 125
"../../../../../Unreal Projects/Frostwire/Content/Weapon/WeaponMeshs/SMG/SMG_Anim_v_smg1_qc_skeleton_inspect2.uasset" 126
"../../../../../Unreal Projects/Frostwire/Content/Weapon/WeaponMeshs/SMG/SMG_Anim_v_smg1_qc_skeleton_lowidle.uasset" 127
"../../../../../Unreal Projects/Frostwire/Content/Weapon/WeaponMeshs/SMG/SMG_Anim_v_smg1_qc_skeleton_lowtoidle.uasset" 128
"../../../../../Unreal Projects/Frostwire/Content/Weapon/WeaponMeshs/SMG/texture/ak47_exp.uasset" 129
"../../../../../Unreal Projects/Frostwire/Content/Weapon/WeaponMeshs/SMG/texture/ak47_nrm.uasset" 130
"../../../../../Unreal Projects/Frostwire/Content/Weapon/WeaponMeshs/SMG/texture/rifleshellback.uasset" 131
"../../../../../Unreal Projects/Frostwire/Content/Weapon/WeaponMeshs/SMG/texture/rifleshellback_nrm.uasset" 132
"../../../../../Unreal Projects/Frostwire/Content/Weapon/WeaponMeshs/SMG/texture/rifleshellside.uasset" 133
"../../../../../Unreal Projects/Frostwire/Content/Weapon/WeaponMeshs/SMG/texture/rifleshellside_nrm.uasset" 134
"../../../../../Unreal Projects/Frostwire/Content/Weapon/WeaponMeshs/SMG/texture/smg1_phong.uasset" 135
"../../../Engine/Content/EngineMaterials/T_Default_Material_Grid_M.uasset" 136
"../../../Engine/Content/EngineMaterials/T_Default_Material_Grid_N.uasset" 137
"../../../Engine/Content/Functions/Engine_MaterialFunctions01/Opacity/CameraDepthFade.uasset" 138
"../../../Engine/Content/EngineMaterials/WorldGridMaterial.uasset" 139
"../../../Engine/Content/ArtTools/RenderToTexture/Meshes/S_1_Unit_Plane.uasset" 140
"../../../Engine/Content/EngineMaterials/DefaultMaterial.uasset" 141
"../../../Engine/Content/BasicShapes/Cone.uasset" 142
"../../../Engine/Content/BasicShapes/Plane.uasset" 143
"../../../Engine/Content/EditorLandscapeResources/DataLayer.uasset" 144
"../../../Engine/Content/EditorLandscapeResources/DefaultAlphaTexture.uasset" 145
"../../../Engine/Content/EditorMaterials/MAT_Groups_Toggle.uasset" 146
"../../../Engine/Content/EditorMaterials/MAT_Groups_Visibility.uasset" 147
"../../../Engine/Content/EditorMaterials/PreviewShadowIndicator.uasset" 148
"../../../Engine/Content/EditorMaterials/PreviewShadowIndicatorMaterial.uasset" 149
"../../../Engine/Content/EditorMaterials/MatineeGroups/MAT_ColorTrack.uasset" 150
"../../../Engine/Content/EditorMaterials/MatineeGroups/MAT_Groups_Anim.uasset" 151
"../../../Engine/Content/EditorMaterials/MatineeGroups/MAT_Groups_AudioMaster.uasset" 152
"../../../Engine/Content/EditorMaterials/MatineeGroups/MAT_Groups_Director.uasset" 153
"../../../Engine/Content/EditorMaterials/MatineeGroups/MAT_Groups_Event.uasset" 154
"../../../Engine/Content/EditorMaterials/MatineeGroups/MAT_Groups_Fade.uasset" 155
"../../../Engine/Content/EditorMaterials/MatineeGroups/MAT_Groups_Float.uasset" 156
"../../../Engine/Content/EditorMaterials/MatineeGroups/MAT_Groups_Move.uasset" 157
"../../../Engine/Content/EditorMaterials/MatineeGroups/MAT_Groups_Slomo.uasset" 158
"../../../Engine/Content/EditorMaterials/MatineeGroups/MAT_Groups_Sound.uasset" 159
"../../../Engine/Content/EditorMaterials/MatineeGroups/MAT_Groups_Vector.uasset" 160
"../../../Engine/Content/EditorMaterials/ParticleSystems/PSysThumbnail_NoImage.uasset" 161
"../../../Engine/Content/EditorMaterials/ParticleSystems/PSysThumbnail_OOD.uasset" 162
"../../../Engine/Content/EditorMaterials/Camera/CineMat.uasset" 163
"../../../Engine/Content/EditorMaterials/Camera/MI_CineMat_Rig.uasset" 164
"../../../Engine/Content/EditorMeshes/Camera/SM_CraneRig_Arm.uasset" 165
"../../../Engine/Content/EditorMeshes/Camera/SM_CraneRig_Base.uasset" 166
"../../../Engine/Content/EditorMeshes/Camera/SM_CraneRig_Body.uasset" 167
"../../../Engine/Content/EditorMeshes/Camera/SM_CraneRig_Mount.uasset" 168
"../../../Engine/Content/EditorMeshes/Camera/SM_RailRig_Mount.uasset" 169
"../../../Engine/Content/EditorMeshes/Camera/SM_RailRig_Track.uasset" 170
"../../../Engine/Content/EditorResources/BSPVertex.uasset" 171
"../../../Engine/Content/EditorResources/EmptyActor.uasset" 172
"../../../Engine/Content/EditorResources/S_Actor.uasset" 173
"../../../Engine/Content/EditorResources/S_Note.uasset" 174
"../../../Engine/Content/EditorResources/S_Solver.uasset" 175
"../../../Engine/Content/EditorResources/S_Terrain.uasset" 176
"../../../Engine/Content/EditorResources/S_Trigger.uasset" 177
"../../../Engine/Content/EditorResources/LightIcons/S_LightError.uasset" 178
"../../../Engine/Content/EditorResources/SequenceRecorder/Countdown.uasset" 179
"../../../Engine/Content/EditorResources/SequenceRecorder/RecordingIndicator.uasset" 180
"../../../Engine/Content/EngineDamageTypes/DmgTypeBP_Environmental.uasset" 181
"../../../Engine/Content/EngineDebugMaterials/DebugEditorMaterial.uasset" 182
"../../../Engine/Content/EngineDebugMaterials/DebugMeshMaterial.uasset" 183
"../../../Engine/Content/EngineDebugMaterials/M_SimpleUnlitTranslucent.uasset" 184
"../../../Engine/Content/EngineDebugMaterials/VolumeToRender.uasset" 185
"../../../Engine/Content/Functions/Engine_MaterialFunctions02/Utility/CameraDirectionVector.uasset" 186
"../../../Engine/Content/EngineDebugMaterials/M_VolumeRenderSphereTracePP.uasset" 187
"../../../Engine/Content/Functions/Engine_MaterialFunctions01/Shading/ConvertFromDiffSpec.uasset" 188
"../../../Engine/Content/EngineDebugMaterials/VertexColorMaterial.uasset" 189
"../../../Engine/Content/EngineDebugMaterials/WireframeMaterial.uasset" 190
"../../../Engine/Content/EngineFonts/Faces/RobotoRegular.uasset" 191
"../../../Engine/Content/EngineFonts/Faces/RobotoLight.uasset" 192
"../../../Engine/Content/EngineFonts/Faces/RobotoItalic.uasset" 193
"../../../Engine/Content/EngineFonts/Faces/RobotoBoldItalic.uasset" 194
"../../../Engine/Content/EngineFonts/Faces/RobotoBold.uasset" 195
"../../../Engine/Content/EngineFonts/Faces/DroidSansFallback.uasset" 196
"../../../Engine/Content/EngineFonts/Roboto.uasset" 197
"../../../Engine/Content/EngineMaterials/BaseFlattenNormalMap.uasset" 198
"../../../Engine/Content/EngineMaterials/BaseFlattenGrayscaleMap.uasset" 199
"../../../Engine/Content/EngineMaterials/BaseFlattenEmissiveMap.uasset" 200
"../../../Engine/Content/EngineMaterials/BaseFlattenDiffuseMap.uasset" 201
"../../../Engine/Content/EngineMaterials/BaseFlattenMaterial.uasset" 202
"../../../Engine/Content/EngineMaterials/BlueNoise.uasset" 203
"../../../Engine/Content/EngineMaterials/DefaultBloomKernel.uasset" 204
"../../../Engine/Content/EngineMaterials/DefaultBokeh.uasset" 205
"../../../Engine/Content/EngineMaterials/DefaultDiffuse.uasset" 206
"../../../Engine/Content/EngineMaterials/DefaultDeferredDecalMaterial.uasset" 207
"../../../Engine/Content/EngineMaterials/DefaultLightFunctionMaterial.uasset" 208
"../../../Engine/Content/EngineMaterials/DefaultPhysicalMaterial.uasset" 209
"../../../Engine/Content/Functions/Engine_MaterialFunctions02/Utility/BreakOutFloat2Components.uasset" 210
"../../../Engine/Content/EngineMaterials/DefaultPostProcessMaterial.uasset" 211
"../../../Engine/Content/EngineFonts/RobotoDistanceField.uasset" 212
"../../../Engine/Content/EngineMaterials/DefaultTextMaterialOpaque.uasset" 213
"../../../Engine/Content/EngineMaterials/DefaultWhiteGrid.uasset" 214
"../../../Engine/Content/EngineMaterials/DefaultWhiteGrid_Low.uasset" 215
"../../../Engine/Content/EngineMaterials/EmissiveMeshMaterial.uasset" 216
"../../../Engine/Content/EngineMaterials/GizmoMaterial.uasset" 217
"../../../Engine/Content/EngineMaterials/Good64x64TilingNoiseHighFreq.uasset" 218
"../../../Engine/Content/EngineMaterials/MiniFont.uasset" 219
"../../../Engine/Content/EngineMaterials/InvalidLightmapSettings.uasset" 220
"../../../Engine/Content/EngineMaterials/M_InvalidLightmapSettings.uasset" 221
"../../../Engine/Content/Functions/Engine_MaterialFunctions02/WorldPositionOffset/CameraOffset.uasset" 222
"../../../Engine/Content/EngineMaterials/PhAT_JointLimitMaterial.uasset" 223
"../../../Engine/Content/EngineMaterials/PreintegratedSkinBRDF.uasset" 224
"../../../Engine/Content/EngineMaterials/RemoveSurfaceMaterial.uasset" 225
"../../../Engine/Content/EngineMaterials/WeightMapPlaceholderTexture.uasset" 226
"../../../Engine/Content/EngineResources/WhiteSquareTexture.uasset" 227
"../../../Engine/Content/EngineMaterials/Widget3DPassThrough.uasset" 228
"../../../Engine/Content/EngineMaterials/Widget3DPassThrough_Masked.uasset" 229
"../../../Engine/Content/EngineMaterials/Widget3DPassThrough_Opaque.uasset" 230
"../../../Engine/Content/EngineMaterials/Widget3DPassThrough_Masked_OneSided.uasset" 231
"../../../Engine/Content/EngineMaterials/Widget3DPassThrough_Opaque_OneSided.uasset" 232
"../../../Engine/Content/EngineMaterials/Widget3DPassThrough_Translucent.uasset" 233
"../../../Engine/Content/EngineMaterials/Widget3DPassThrough_Translucent_OneSided.uasset" 234
"../../../Engine/Content/EngineMeshes/Cylinder.uasset" 235
"../../../Engine/Content/EngineMeshes/Sphere.uasset" 236
"../../../Engine/Content/EngineResources/Black.uasset" 237
"../../../Engine/Content/EngineResources/DefaultTextureCube.uasset" 238
"../../../Engine/Content/EngineResources/DefaultVolumeTexture2D.uasset" 239
"../../../Engine/Content/EngineResources/DefaultVolumeTexture.uasset" 240
"../../../Engine/Content/EngineResources/GradientTexture0.uasset" 241
"../../../Engine/Content/EngineSky/VolumetricClouds/T_NoiseShape64.uasset" 242
"../../../Engine/Content/EngineSky/VolumetricClouds/T_VolumeNoiseShape64.uasset" 243
"../../../Engine/Content/EngineSky/VolumetricClouds/T_NoiseErosion.uasset" 244
"../../../Engine/Content/EngineSky/VolumetricClouds/T_VolumeNoiseErosion32.uasset" 245
"../../../Engine/Content/EngineSky/VolumetricClouds/CloudWeatherTexture.uasset" 246
"../../../Engine/Content/EngineSky/VolumetricClouds/CloudGradientTexture.uasset" 247
"../../../Engine/Content/Functions/Engine_MaterialFunctions02/Utility/MakeFloat2.uasset" 248
"../../../Engine/Content/EngineSky/VolumetricClouds/m_SimpleVolumetricCloud.uasset" 249
"../../../Engine/Content/EngineSky/VolumetricClouds/m_SimpleVolumetricCloud_Inst.uasset" 250
"../../../Engine/Content/EngineSounds/Master.uasset" 251
"../../../Engine/Content/Functions/Engine_MaterialFunctions01/Shading/PowerToRoughness.uasset" 252
"../../../Engine/Content/Maps/Templates/Thumbnails/Default.uasset" 253
"../../../Engine/Content/Maps/Templates/Thumbnails/TimeOfDay.uasset" 254
"../../../Engine/Content/Maps/Templates/Thumbnails/VR-Basic.uasset" 255
"../../../Engine/Content/MobileResources/T_MobileControls_texture.uasset" 256
"../../../Engine/Content/MobileResources/T_MobileMenu2.uasset" 257
"../../../Engine/Content/MobileResources/HUD/AnalogHat.uasset" 258
"../../../Engine/Content/MobileResources/HUD/VirtualJoystick_Thumb.uasset" 259
"../../../Engine/Content/MobileResources/HUD/VirtualJoystick_Background.uasset" 260
"../../../Engine/Content/MobileResources/HUD/DefaultVirtualJoysticks.uasset" 261
"../../../Engine/Content/MobileResources/HUD/LeftVirtualJoystickOnly.uasset" 262
"../../../Engine/Content/MobileResources/HUD/MobileHUDButton1_off.uasset" 263
"../../../Engine/Content/MobileResources/HUD/MobileHUDButton1_on.uasset" 264
"../../../Engine/Content/MobileResources/HUD/MobileHUDButton2_off.uasset" 265
"../../../Engine/Content/MobileResources/HUD/MobileHUDButton2_on.uasset" 266
"../../../Engine/Content/MobileResources/HUD/MobileHUDButton3.uasset" 267
"../../../Engine/Content/MobileResources/HUD/MobileHUDButtonFire.uasset" 268
"../../../Engine/Content/MobileResources/HUD/MobileHUDDirectionPad.uasset" 269
"../../../Engine/Content/MobileResources/HUD/MobileHUDDirectionPad2.uasset" 270
"../../../Engine/Content/MobileResources/HUD/MobileHUDDirectionPad3.uasset" 271
"../../../Engine/Content/MobileResources/HUD/MobileHUDDirectionStick.uasset" 272
"../../../Engine/Content/MobileResources/HUD/T_Castle_ThumbstickInner.uasset" 273
"../../../Engine/Content/MobileResources/HUD/T_Castle_ThumbstickOutter.uasset" 274
"../../../Engine/Content/Tutorial/ContentIntroCurve.uasset" 275
"../../../Engine/Content/Tutorial/Basics/LevelEditorAttract.uasset" 276
"../../../Engine/Content/Tutorial/Basics/TutorialAssets/icon_tab_Levels_40x.uasset" 277
"../../../Engine/Content/Tutorial/Basics/LevelEditorOverview.uasset" 278
"../../../Engine/Content/Tutorial/BlueprintTutorials/TutorialAssets/Blueprint_64x.uasset" 279
"../../../Engine/Content/Tutorial/BlueprintTutorials/BlueprintEditorTutorial.uasset" 280
"../../../Engine/Content/Tutorial/BlueprintTutorials/TutorialAssets/BlueprintMacroLibrary_64x.uasset" 281
"../../../Engine/Content/Tutorial/BlueprintTutorials/BlueprintMacroLibrariesEditorOverview.uasset" 282
"../../../Engine/Content/Tutorial/BlueprintTutorials/TutorialAssets/Tutorial_BP_MacroLib.uasset" 283
"../../../Engine/Content/Tutorial/Installation/InstallingVisualStudioTutorial.uasset" 284
"../../../Engine/Content/VREditor/TransformGizmo/TranslucentTransformGizmoMaterial.uasset" 285
"../../../Engine/Content/VREditor/LaserPointer/VR_LaserPower_01.uasset" 286
"../../../Engine/Content/VREditor/TransformGizmo/TransformGizmoMaterial.uasset" 287
"../../../Engine/Content/VREditor/TransformGizmo/BoundingBoxCorner.uasset" 288
"../../../Engine/Content/VREditor/TransformGizmo/BoundingBoxEdge.uasset" 289
"../../../Engine/Content/VREditor/TransformGizmo/PlaneTranslationHandle.uasset" 290
"../../../Engine/Content/VREditor/TransformGizmo/Xray.uasset" 291
"../../../Engine/Content/VREditor/TransformGizmo/Main.uasset" 292
"../../../Engine/Content/VREditor/TransformGizmo/SM_Sequencer_Key.uasset" 293
"../../../Engine/Content/VREditor/TransformGizmo/SM_Sequencer_Node.uasset" 294
"../../Plugins/2D/Paper2D/Content/PlaceholderTextures/DummySpriteTexture.uasset" 295
"../../Plugins/2D/Paper2D/Content/DummySprite.uasset" 296
"../../Plugins/2D/Paper2D/Content/DefaultPaperTerrainMaterial.uasset" 297
"../../Plugins/2D/Paper2D/Content/DefaultSpriteMaterial.uasset" 298
"../../Plugins/2D/Paper2D/Content/MaskedUnlitSpriteMaterial.uasset" 299
"../../Plugins/2D/Paper2D/Content/OpaqueUnlitSpriteMaterial.uasset" 300
"../../../Engine/Content/Functions/Engine_MaterialFunctions02/Utility/BreakOutFloat3Components.uasset" 301
"../../Plugins/Editor/SpeedTreeImporter/Content/SpeedTree9/UnpackInteger3.uasset" 302
"../../Plugins/Editor/SpeedTreeImporter/Content/SpeedTree9/UnpackDirection.uasset" 303
"../../Plugins/Editor/SpeedTreeImporter/Content/SpeedTree9/game_wind_noise.uasset" 304
"../../../Engine/Content/Functions/Engine_MaterialFunctions02/SafeNormalize.uasset" 305
"../../Plugins/Editor/SpeedTreeImporter/Content/SpeedTree9/SpeedTreeWindMotion.uasset" 306
"../../Plugins/Editor/SpeedTreeImporter/Content/SpeedTree9/SpeedTreeBranchMotion.uasset" 307
"../../../Engine/Content/Functions/Engine_MaterialFunctions02/ObjectLocalBounds.uasset" 308
"../../../Engine/Content/Functions/Engine_MaterialFunctions02/UVs/BoundingBoxBased_0-1_UVW.uasset" 309
"../../Plugins/Editor/SpeedTreeImporter/Content/SpeedTree9/SpeedTreeWind.uasset" 310
"../../Plugins/Editor/SpeedTreeImporter/Content/SpeedTree9/SpeedTreeBillboard.uasset" 311
"../../../Engine/Content/EngineResources/DefaultTexture.uasset" 312
"../../Plugins/Editor/SpeedTreeImporter/Content/SpeedTree9/SpeedTreeBillboardMaster.uasset" 313
"../../Plugins/Editor/SpeedTreeImporter/Content/SpeedTree9/SpeedTreeCameraFacing.uasset" 314
"../../Plugins/Editor/SpeedTreeImporter/Content/SpeedTree9/SpeedTreeMaster.uasset" 315
"../../../Engine/Content/BasicShapes/Cylinder.uasset" 316
"../../../Engine/Content/ArtTools/RenderToTexture/Materials/Debug/M_Emissive_Color.uasset" 317
"../../Plugins/Lumin/MagicLeapPassableWorld/Content/MagicLeapARPinInfoActor.uasset" 318
"../../../Engine/Content/Functions/Engine_MaterialFunctions02/Utility/BreakOutFloat4Components.uasset" 319
"../../../Engine/Content/Functions/Engine_MaterialFunctions02/Utility/MakeFloat3.uasset" 320
"../../Plugins/Runtime/Oculus/OculusVR/Content/Materials/OculusMR_ChromaKey.uasset" 321
"../../Plugins/Runtime/Oculus/OculusVR/Content/Materials/OculusMR_OpaqueColoredMaterial.uasset" 322
"../../Plugins/Runtime/Oculus/OculusVR/Content/Materials/PokeAHoleMaterial.uasset" 323
"../../../../../Unreal Projects/Frostwire/Content/AnimStarterPack/Crouch_Walk_Fwd_Rifle_Ironsights.uasset" 324
"../../../../../Unreal Projects/Frostwire/Content/AnimStarterPack/Crouch_Idle_Rifle_Ironsights.uasset" 325
"../../../../../Unreal Projects/Frostwire/Content/AnimStarterPack/Crouch_Idle_Rifle_Hip.uasset" 326
"../../../../../Unreal Projects/Frostwire/Content/AnimStarterPack/Fire_Rifle_Ironsights.uasset" 327
"../../../../../Unreal Projects/Frostwire/Content/AnimStarterPack/Hit_React_1.uasset" 328
"../../../../../Unreal Projects/Frostwire/Content/AnimStarterPack/Hit_React_2.uasset" 329
"../../../../../Unreal Projects/Frostwire/Content/AnimStarterPack/Hit_React_3.uasset" 330
"../../../../../Unreal Projects/Frostwire/Content/AnimStarterPack/Idle_Rifle_Hip_Break1.uasset" 331
"../../../../../Unreal Projects/Frostwire/Content/AnimStarterPack/Idle_Rifle_Hip_Break2.uasset" 332
"../../../../../Unreal Projects/Frostwire/Content/AnimStarterPack/Reload_Rifle_Hip.uasset" 333
"../../../../../Unreal Projects/Frostwire/Content/AnimStarterPack/Equip_Pistol_Standing.uasset" 334
"../../../../../Unreal Projects/Frostwire/Content/AnimStarterPack/Walk_Fwd_Rifle_Ironsights.uasset" 335
"../../../Engine/Content/EngineSky/T_Sky_Blue.uasset" 336
"../../../Engine/Content/EngineSky/T_Sky_Clouds_M.uasset" 337
"../../../Engine/Content/EngineSky/T_Sky_Stars.uasset" 338
"../../../Engine/Content/EngineSky/M_Sky_Panning_Clouds2.uasset" 339
"../../../Engine/Content/EngineSky/SM_SkySphere.uasset" 340
"../../../Engine/Content/EngineSky/C_Sky_Zenith_Color.uasset" 341
"../../../Engine/Content/EngineSky/C_Sky_Horizon_Color.uasset" 342
"../../../Engine/Content/EngineSky/C_Sky_Cloud_Color.uasset" 343
"../../../Engine/Content/EngineSky/BP_Sky_Sphere.uasset" 344
"../../../Engine/Content/TemplateResources/M_Template_Master.uasset" 345
"../../../Engine/Content/TemplateResources/MI_Template_BaseGray_03_Metal.uasset" 346
"../../../Engine/Content/Functions/MaterialLayerFunctions/MatLayerBlend_AO.uasset" 347
"../../../../../Unreal Projects/Frostwire/Content/AnimStarterPack/UE4_Mannequin/Materials/MaterialLayers/T_ML_Rubber_Blue_01_D.uasset" 348
"../../../../../Unreal Projects/Frostwire/Content/AnimStarterPack/UE4_Mannequin/Materials/MaterialLayers/T_ML_Rubber_Blue_01_N.uasset" 349
"../../../../../Unreal Projects/Frostwire/Content/AnimStarterPack/UE4_Mannequin/Materials/MaterialLayers/ML_GlossyBlack_Latex_UE4.uasset" 350
"../../../../../Unreal Projects/Frostwire/Content/AnimStarterPack/UE4_Mannequin/Materials/MaterialLayers/ML_Plastic_Shiny_Beige.uasset" 351
"../../../../../Unreal Projects/Frostwire/Content/AnimStarterPack/UE4_Mannequin/Textures/UE4_LOGO_CARD.uasset" 352
"../../../../../Unreal Projects/Frostwire/Content/AnimStarterPack/UE4_Mannequin/Materials/MaterialLayers/ML_Plastic_Shiny_Beige_LOGO.uasset" 353
"../../../../../Unreal Projects/Frostwire/Content/AnimStarterPack/UE4_Mannequin/Materials/MaterialLayers/T_ML_Aluminum01.uasset" 354
"../../../../../Unreal Projects/Frostwire/Content/AnimStarterPack/UE4_Mannequin/Materials/MaterialLayers/T_ML_Aluminum01_N.uasset" 355
"../../../../../Unreal Projects/Frostwire/Content/AnimStarterPack/UE4_Mannequin/Materials/MaterialLayers/ML_SoftMetal_UE4.uasset" 356
"../../../../../Unreal Projects/Frostwire/Content/AnimStarterPack/UE4_Mannequin/Textures/UE4_Mannequin__normals.uasset" 357
"../../../../../Unreal Projects/Frostwire/Content/AnimStarterPack/UE4_Mannequin/Textures/UE4_Mannequin_occlusion_Mobile.uasset" 358
"../../../../../Unreal Projects/Frostwire/Content/AnimStarterPack/UE4_Mannequin/Textures/UE4_Mannequin_MAT_MASKA.uasset" 359
"../../../../../Unreal Projects/Frostwire/Content/AnimStarterPack/UE4_Mannequin/Materials/M_UE4Man_Body.uasset" 360
"../../../../../Unreal Projects/Frostwire/Content/AnimStarterPack/UE4_Mannequin/Mesh/SK_Mannequin_PhysicsAsset.uasset" 361
"../../../../../Unreal Projects/Frostwire/Content/AnimStarterPack/UE4_Mannequin/Textures/UE4Man_Logo_N.uasset" 362
"../../../../../Unreal Projects/Frostwire/Content/AnimStarterPack/UE4_Mannequin/Materials/M_UE4Man_ChestLogo.uasset" 363
"../../../../../Unreal Projects/Frostwire/Content/AnimStarterPack/UE4_Mannequin/Mesh/SK_Mannequin.uasset" 364
"../../../../../Unreal Projects/Frostwire/Content/AnimStarterPack/Showcase.umap" 365
"../../../../../Unreal Projects/Frostwire/Content/Weapon/WeaponMeshs/SMG/SMG_PhysicsAsset.uasset" 366
"../../../../../Unreal Projects/Frostwire/Content/Weapon/WeaponMeshs/SMG/texture/v_smg1_sheet.uasset" 367
"../../../../../Unreal Projects/Frostwire/Content/Weapon/WeaponMeshs/SMG/texture/smg1_normal.uasset" 368
"../../../../../Unreal Projects/Frostwire/Content/Weapon/WeaponMeshs/SMG/v_smg1_sheet.uasset" 369
"../../../../../Unreal Projects/Frostwire/Content/Weapon/WeaponMeshs/SMG/texture5.uasset" 370
"../../../../../Unreal Projects/Frostwire/Content/Weapon/WeaponMeshs/SMG/texture/v_smg1_plus_nrm.uasset" 371
"../../../../../Unreal Projects/Frostwire/Content/Weapon/WeaponMeshs/SMG/texture/v_smg1_plus.uasset" 372
"../../../../../Unreal Projects/Frostwire/Content/Weapon/WeaponMeshs/SMG/TEXTURE4.uasset" 373
"../../../../../Unreal Projects/Frostwire/Content/Weapon/WeaponMeshs/SMG/rifleshellside.uasset" 374
"../../../../../Unreal Projects/Frostwire/Content/Weapon/WeaponMeshs/SMG/rifleshellback.uasset" 375
"../../../../../Unreal Projects/Frostwire/Content/Weapon/WeaponMeshs/SMG/texture/ak47.uasset" 376
"../../../../../Unreal Projects/Frostwire/Content/Weapon/WeaponMeshs/SMG/ak47.uasset" 377
"../../../../../Unreal Projects/Frostwire/Content/Weapon/WeaponMeshs/MMODUSP/v_hand_sheet_phong.uasset" 378
"../../../../../Unreal Projects/Frostwire/Content/Weapon/WeaponMeshs/MMODUSP/v_hand_sheet_normal.uasset" 379
"../../../../../Unreal Projects/Frostwire/Content/Weapon/WeaponMeshs/MMODUSP/v_hand_sheet.uasset" 380
"../../../../../Unreal Projects/Frostwire/Content/Weapon/WeaponMeshs/MMODUSP/v_hand_.uasset" 381
"../../../../../Unreal Projects/Frostwire/Content/Weapon/WeaponMeshs/SMG/SMG.uasset" 382
"../../../../../Unreal Projects/Frostwire/Content/Weapon/WeaponMeshs/MMODUSP/USP_PhysicsAsset.uasset" 383
"../../../../../Unreal Projects/Frostwire/Content/Weapon/WeaponMeshs/MMODUSP/v_pistol_sheet_Texture.uasset" 384
"../../../../../Unreal Projects/Frostwire/Content/Weapon/WeaponMeshs/MMODUSP/v_pistol_sheet_normal.uasset" 385
"../../../../../Unreal Projects/Frostwire/Content/Weapon/WeaponMeshs/MMODUSP/v_pistol_sheet.uasset" 386
"../../../../../Unreal Projects/Frostwire/Content/Weapon/WeaponMeshs/MMODUSP/v_4pistols.uasset" 387
"../../../../../Unreal Projects/Frostwire/Content/Weapon/WeaponMeshs/MMODUSP/USP.uasset" 388
"../../../../../Unreal Projects/Frostwire/Content/FirstPersonBP/Maps/FirstPersonExampleMap_BuiltData.uasset" 389
"../../../../../Unreal Projects/Frostwire/Content/Weapon/WeaponMeshs/SMG/SMG_Anim_v_smg1_qc_skeleton_reload.uasset" 390
"../../../../../Unreal Projects/Frostwire/Content/Weapon/WeaponMeshs/SMG/SMG_Reload.uasset" 391
"../../../../../Unreal Projects/Frostwire/Content/Weapon/WeaponMeshs/SMG/SMG_Anim_v_smg1_qc_skeleton_holster.uasset" 392
"../../../../../Unreal Projects/Frostwire/Content/Weapon/WeaponMeshs/SMG/SMG_Holster.uasset" 393
"../../../../../Unreal Projects/Frostwire/Content/Weapon/WeaponMeshs/SMG/SMG_Anim_v_smg1_qc_skeleton_fire4.uasset" 394
"../../../../../Unreal Projects/Frostwire/Content/Weapon/WeaponMeshs/SMG/SMG_Fire4.uasset" 395
"../../../../../Unreal Projects/Frostwire/Content/Weapon/WeaponMeshs/SMG/SMG_Anim_v_smg1_qc_skeleton_fire3.uasset" 396
"../../../../../Unreal Projects/Frostwire/Content/Weapon/WeaponMeshs/SMG/SMG_Fire3.uasset" 397
"../../../../../Unreal Projects/Frostwire/Content/Weapon/WeaponMeshs/SMG/SMG_Anim_v_smg1_qc_skeleton_fire2.uasset" 398
"../../../../../Unreal Projects/Frostwire/Content/Weapon/WeaponMeshs/SMG/SMG_Fire2.uasset" 399
"../../../../../Unreal Projects/Frostwire/Content/Weapon/WeaponMeshs/SMG/SMG_Anim_v_smg1_qc_skeleton_fire1.uasset" 400
"../../../../../Unreal Projects/Frostwire/Content/Weapon/WeaponMeshs/SMG/SMG_Fire1.uasset" 401
"../../../../../Unreal Projects/Frostwire/Content/Weapon/WeaponMeshs/MMODUSP/untitled_Anim_v_pistol_qc_skeleton_reload.uasset" 402
"../../../../../Unreal Projects/Frostwire/Content/Weapon/WeaponMeshs/MMODUSP/USP_Reload.uasset" 403
"../../../../../Unreal Projects/Frostwire/Content/Weapon/WeaponMeshs/MMODUSP/untitled_Anim_v_pistol_qc_skeleton_holster.uasset" 404
"../../../../../Unreal Projects/Frostwire/Content/Weapon/WeaponMeshs/MMODUSP/USP_Holster.uasset" 405
"../../../../../Unreal Projects/Frostwire/Content/Weapon/WeaponMeshs/MMODUSP/untitled_Anim_v_pistol_qc_skeleton_fire4.uasset" 406
"../../../../../Unreal Projects/Frostwire/Content/Weapon/WeaponMeshs/MMODUSP/USP_Fire4.uasset" 407
"../../../../../Unreal Projects/Frostwire/Content/Weapon/WeaponMeshs/MMODUSP/untitled_Anim_v_pistol_qc_skeleton_fire3.uasset" 408
"../../../../../Unreal Projects/Frostwire/Content/Weapon/WeaponMeshs/MMODUSP/USP_Fire3.uasset" 409
"../../../../../Unreal Projects/Frostwire/Content/Geometry/Meshes/1M_Cube.uasset" 410
"../../../../../Unreal Projects/Frostwire/Content/Weapon/WeaponMeshs/MMODUSP/untitled_Anim_v_pistol_qc_skeleton_fire2.uasset" 411
"../../../../../Unreal Projects/Frostwire/Content/Weapon/WeaponMeshs/MMODUSP/USP_Fire2.uasset" 412
"../../../../../Unreal Projects/Frostwire/Content/Weapon/WeaponMeshs/MMODUSP/untitled_Anim_v_pistol_qc_skeleton_fire1.uasset" 413
"../../../../../Unreal Projects/Frostwire/Content/Weapon/WeaponMeshs/MMODUSP/USP_Fire1.uasset" 414
"../../../../../Unreal Projects/Frostwire/Content/Weapon/Item_Class.uasset" 415
"../../../../../Unreal Projects/Frostwire/Content/Weapon/Firemode.uasset" 416
"../../../../../Unreal Projects/Frostwire/Content/Weapon/Ammo_Type.uasset" 417
"../../../../../Unreal Projects/Frostwire/Content/Weapon/Weapon_Struct.uasset" 418
"../../../Engine/Content/BasicShapes/BasicShapeMaterial.uasset" 419
"../../../Engine/Content/BasicShapes/Cube.uasset" 420
"../../../../../Unreal Projects/Frostwire/Content/FirstPersonBP/Blueprints/Ammo_Structure.uasset" 421
"../../../../../Unreal Projects/Frostwire/Content/FirstPersonBP/Blueprints/Ammo_Inventory.uasset" 422
"../../../../../Unreal Projects/Frostwire/Content/Audio/WeaponPickup/pu_weapon01.uasset" 423
"../../../../../Unreal Projects/Frostwire/Content/Audio/WeaponPickup/pu_weapon02.uasset" 424
"../../../../../Unreal Projects/Frostwire/Content/Audio/WeaponPickup/pu_weapon04.uasset" 425
"../../../../../Unreal Projects/Frostwire/Content/Audio/WeaponPickup/Weapon_Pickup.uasset" 426
"../../../../../Unreal Projects/Frostwire/Content/Audio/WeaponPickup/mp_scavenger_pack_pickup.uasset" 427
"../../../../../Unreal Projects/Frostwire/Content/Audio/WeaponPickup/Ammo_Cue.uasset" 428
"../../../../../Unreal Projects/Frostwire/Content/Weapon/Weapon_Pickup.uasset" 429
"../../../Engine/Content/BasicShapes/Sphere.uasset" 430
"../../../../../Unreal Projects/Frostwire/Content/Materials/Emissive_Mat.uasset" 431
"../../../../../Unreal Projects/Frostwire/Content/Materials/Yellow_Emissive.uasset" 432
"../../../../../Unreal Projects/Frostwire/Content/FirstPersonBP/Blueprints/BP_Tracer.uasset" 433
"../../../../../Unreal Projects/Frostwire/Content/AnimStarterPack/Jog_Rt_Rifle.uasset" 434
"../../../../../Unreal Projects/Frostwire/Content/AnimStarterPack/Jog_Lt_Rifle.uasset" 435
"../../../../../Unreal Projects/Frostwire/Content/AnimStarterPack/Jog_Fwd_Rifle.uasset" 436
"../../../../../Unreal Projects/Frostwire/Content/AnimStarterPack/Jog_Bwd_Rifle.uasset" 437
"../../../../../Unreal Projects/Frostwire/Content/AnimStarterPack/BS_Jog.uasset" 438
"../../../../../Unreal Projects/Frostwire/Content/AnimStarterPack/Crouch_Walk_Rt_Rifle_Hip.uasset" 439
"../../../../../Unreal Projects/Frostwire/Content/AnimStarterPack/Crouch_Walk_Lt_Rifle_Hip.uasset" 440
"../../../../../Unreal Projects/Frostwire/Content/AnimStarterPack/Crouch_Walk_Fwd_Rifle_Hip.uasset" 441
"../../../../../Unreal Projects/Frostwire/Content/AnimStarterPack/Crouch_Walk_Bwd_Rifle_Hip.uasset" 442
"../../../../../Unreal Projects/Frostwire/Content/AnimStarterPack/BS_CrouchWalk.uasset" 443
"../../../../../Unreal Projects/Frostwire/Content/AnimStarterPack/Idle_Rifle_Hip.uasset" 444
"../../../../../Unreal Projects/Frostwire/Content/AnimStarterPack/Jump_From_Jog.uasset" 445
"../../../../../Unreal Projects/Frostwire/Content/AnimStarterPack/Jump_From_Stand.uasset" 446
"../../../../../Unreal Projects/Frostwire/Content/AnimStarterPack/Ue4ASP_Character.uasset" 447
"../../../../../Unreal Projects/Frostwire/Content/AnimStarterPack/UE4ASP_HeroTPP_AnimBlueprint.uasset" 448
"../../../../../Unreal Projects/Frostwire/Content/Audio/VOIP_Attenuation.uasset" 449
"../../../../../Unreal Projects/Frostwire/Content/FirstPersonBP/Blueprints/FirstPersonCharacter.uasset" 450
"../../../../../Unreal Projects/Frostwire/Content/Weapon/WeaponMeshs/SMG/SMG_Anim_v_smg1_qc_skeleton_Walk.uasset" 451
"../../../../../Unreal Projects/Frostwire/Content/Weapon/WeaponMeshs/SMG/SMG_Anim_v_smg1_qc_skeleton_Sprint.uasset" 452
"../../../../../Unreal Projects/Frostwire/Content/Weapon/WeaponMeshs/SMG/SMG_Anim_v_smg1_qc_skeleton_idle01.uasset" 453
"../../../../../Unreal Projects/Frostwire/Content/Weapon/WeaponMeshs/SMG/SMG_Skeleton_BlendSpace1D.uasset" 454
"../../../../../Unreal Projects/Frostwire/Content/Weapon/WeaponMeshs/SMG/SMG_AnimBP.uasset" 455
"../../../../../Unreal Projects/Frostwire/Content/Weapon/WeaponMeshs/MMODUSP/untitled_Anim_v_pistol_qc_skeleton_Walk.uasset" 456
"../../../../../Unreal Projects/Frostwire/Content/Weapon/WeaponMeshs/MMODUSP/untitled_Anim_v_pistol_qc_skeleton_Sprint.uasset" 457
"../../../../../Unreal Projects/Frostwire/Content/Weapon/WeaponMeshs/MMODUSP/untitled_Anim_v_pistol_qc_skeleton_idle.uasset" 458
"../../../../../Unreal Projects/Frostwire/Content/Weapon/WeaponMeshs/MMODUSP/USP_BS.uasset" 459
"../../../../../Unreal Projects/Frostwire/Content/Weapon/WeaponMeshs/MMODUSP/Sorse_AnimBP.uasset" 460
"../../../../../Unreal Projects/Frostwire/Content/Textures/HPArmorIco.uasset" 461
"../../../../../Unreal Projects/Frostwire/Content/Textures/crossHair.uasset" 462
"../../../../../Unreal Projects/Frostwire/Content/Textures/bullet_gun_ammunition-128.uasset" 463
"../../../../../Unreal Projects/Frostwire/Content/FirstPersonBP/Blueprints/HUD.uasset" 464
"../../../../../Unreal Projects/Frostwire/Content/FirstPersonBP/Blueprints/FP_PlayerController.uasset" 465
"../../../../../Unreal Projects/Frostwire/Content/FirstPersonBP/Blueprints/FirstPersonGameMode.uasset" 466
"../../../../../Unreal Projects/Frostwire/Content/FirstPersonBP/Blueprints/BP_AmmoPickup.uasset" 467
"../../../../../Unreal Projects/Frostwire/Content/Materials/Gray_Mat.uasset" 468
"../../../../../Unreal Projects/Frostwire/Content/Audio/lockeropen.uasset" 469
"../../../../../Unreal Projects/Frostwire/Content/Audio/lockerclosea.uasset" 470
"../../../../../Unreal Projects/Frostwire/Content/FirstPersonBP/Blueprints/BP_AmmoBox.uasset" 471
"../../../../../Unreal Projects/Frostwire/Content/FirstPersonBP/Maps/FirstPersonExampleMap.umap" 472
"../../../Engine/Content/Maps/Entry_BuiltData.uasset" 473
"../../../Engine/Content/Maps/Entry.umap" 474
